{"/Users/maxuser/Documents/projects/PostHub-API/src/index.ts": {"path":"/Users/maxuser/Documents/projects/PostHub-API/src/index.ts","statementMap":{"0":{"start":{"line":1,"column":0},"end":{"line":1,"column":30}},"1":{"start":{"line":2,"column":0},"end":{"line":2,"column":37}},"2":{"start":{"line":3,"column":0},"end":{"line":3,"column":28}},"3":{"start":{"line":4,"column":0},"end":{"line":4,"column":24}},"4":{"start":{"line":5,"column":0},"end":{"line":5,"column":38}},"5":{"start":{"line":6,"column":0},"end":{"line":6,"column":39}},"6":{"start":{"line":7,"column":0},"end":{"line":7,"column":44}},"7":{"start":{"line":8,"column":0},"end":{"line":8,"column":49}},"8":{"start":{"line":9,"column":0},"end":{"line":9,"column":44}},"9":{"start":{"line":11,"column":0},"end":{"line":11,"column":16}},"10":{"start":{"line":13,"column":12},"end":{"line":13,"column":21}},"11":{"start":{"line":14,"column":13},"end":{"line":14,"column":37}},"12":{"start":{"line":16,"column":0},"end":{"line":16,"column":27}},"13":{"start":{"line":17,"column":0},"end":{"line":21,"column":2}},"14":{"start":{"line":22,"column":0},"end":{"line":22,"column":null}},"15":{"start":{"line":23,"column":0},"end":{"line":23,"column":null}},"16":{"start":{"line":24,"column":0},"end":{"line":24,"column":null}},"17":{"start":{"line":26,"column":0},"end":{"line":26,"column":null}},"18":{"start":{"line":27,"column":0},"end":{"line":27,"column":null}},"19":{"start":{"line":28,"column":0},"end":{"line":28,"column":null}},"20":{"start":{"line":30,"column":0},"end":{"line":32,"column":3}},"21":{"start":{"line":31,"column":4},"end":{"line":31,"column":29}},"22":{"start":{"line":34,"column":0},"end":{"line":40,"column":1}},"23":{"start":{"line":35,"column":4},"end":{"line":39,"column":7}},"24":{"start":{"line":36,"column":8},"end":{"line":38,"column":11}},"25":{"start":{"line":37,"column":12},"end":{"line":37,"column":75}},"26":{"start":{"line":42,"column":0},"end":{"line":42,"column":19}}},"fnMap":{"0":{"name":"(anonymous_1)","decl":{"start":{"line":30,"column":13},"end":{"line":30,"column":14}},"loc":{"start":{"line":30,"column":26},"end":{"line":32,"column":1}}},"1":{"name":"(anonymous_2)","decl":{"start":{"line":35,"column":26},"end":{"line":35,"column":29}},"loc":{"start":{"line":35,"column":31},"end":{"line":39,"column":5}}},"2":{"name":"(anonymous_3)","decl":{"start":{"line":36,"column":25},"end":{"line":36,"column":28}},"loc":{"start":{"line":36,"column":30},"end":{"line":38,"column":9}}}},"branchMap":{"0":{"loc":{"start":{"line":14,"column":13},"end":{"line":14,"column":37}},"type":"binary-expr","locations":[{"start":{"line":14,"column":13},"end":{"line":14,"column":29}},{"start":{"line":14,"column":33},"end":{"line":14,"column":37}}]},"1":{"loc":{"start":{"line":34,"column":0},"end":{"line":40,"column":1}},"type":"if","locations":[{"start":{"line":34,"column":0},"end":{"line":40,"column":1}}]}},"s":{"0":1,"1":1,"2":1,"3":1,"4":1,"5":1,"6":1,"7":1,"8":1,"9":1,"10":1,"11":1,"12":1,"13":1,"14":1,"15":1,"16":1,"17":1,"18":1,"19":1,"20":1,"21":0,"22":1,"23":0,"24":0,"25":0,"26":1},"f":{"0":0,"1":0,"2":0},"b":{"0":[1,0],"1":[0]}}
,"/Users/maxuser/Documents/projects/PostHub-API/src/controller/comment.controller.ts": {"path":"/Users/maxuser/Documents/projects/PostHub-API/src/controller/comment.controller.ts","statementMap":{"0":{"start":{"line":2,"column":0},"end":{"line":2,"column":53}},"1":{"start":{"line":4,"column":0},"end":{"line":4,"column":47}},"2":{"start":{"line":6,"column":29},"end":{"line":37,"column":1}},"3":{"start":{"line":7,"column":4},"end":{"line":36,"column":5}},"4":{"start":{"line":8,"column":28},"end":{"line":8,"column":36}},"5":{"start":{"line":11,"column":8},"end":{"line":13,"column":9}},"6":{"start":{"line":12,"column":12},"end":{"line":12,"column":72}},"7":{"start":{"line":15,"column":23},"end":{"line":15,"column":34}},"8":{"start":{"line":16,"column":23},"end":{"line":16,"column":40}},"9":{"start":{"line":19,"column":24},"end":{"line":23,"column":10}},"10":{"start":{"line":26,"column":8},"end":{"line":30,"column":11}},"11":{"start":{"line":32,"column":8},"end":{"line":35,"column":11}},"12":{"start":{"line":6,"column":13},"end":{"line":6,"column":29}},"13":{"start":{"line":40,"column":45},"end":{"line":96,"column":1}},"14":{"start":{"line":41,"column":4},"end":{"line":95,"column":5}},"15":{"start":{"line":43,"column":31},"end":{"line":46,"column":10}},"16":{"start":{"line":49,"column":32},"end":{"line":56,"column":54}},"17":{"start":{"line":50,"column":27},"end":{"line":50,"column":52}},"18":{"start":{"line":51,"column":12},"end":{"line":53,"column":13}},"19":{"start":{"line":52,"column":16},"end":{"line":52,"column":33}},"20":{"start":{"line":54,"column":12},"end":{"line":54,"column":38}},"21":{"start":{"line":55,"column":12},"end":{"line":55,"column":23}},"22":{"start":{"line":59,"column":24},"end":{"line":59,"column":52}},"23":{"start":{"line":60,"column":22},"end":{"line":63,"column":10}},"24":{"start":{"line":66,"column":29},"end":{"line":77,"column":10}},"25":{"start":{"line":67,"column":42},"end":{"line":67,"column":83}},"26":{"start":{"line":68,"column":12},"end":{"line":76,"column":14}},"27":{"start":{"line":80,"column":8},"end":{"line":82,"column":11}},"28":{"start":{"line":81,"column":12},"end":{"line":81,"column":99}},"29":{"start":{"line":85,"column":8},"end":{"line":89,"column":11}},"30":{"start":{"line":91,"column":8},"end":{"line":94,"column":11}},"31":{"start":{"line":40,"column":13},"end":{"line":40,"column":45}}},"fnMap":{"0":{"name":"(anonymous_1)","decl":{"start":{"line":6,"column":29},"end":{"line":6,"column":34}},"loc":{"start":{"line":6,"column":86},"end":{"line":37,"column":1}}},"1":{"name":"(anonymous_2)","decl":{"start":{"line":40,"column":45},"end":{"line":40,"column":50}},"loc":{"start":{"line":40,"column":98},"end":{"line":96,"column":1}}},"2":{"name":"(anonymous_3)","decl":{"start":{"line":49,"column":54},"end":{"line":49,"column":55}},"loc":{"start":{"line":49,"column":71},"end":{"line":56,"column":9}}},"3":{"name":"(anonymous_4)","decl":{"start":{"line":66,"column":39},"end":{"line":66,"column":40}},"loc":{"start":{"line":66,"column":48},"end":{"line":77,"column":9}}},"4":{"name":"(anonymous_5)","decl":{"start":{"line":80,"column":26},"end":{"line":80,"column":27}},"loc":{"start":{"line":80,"column":35},"end":{"line":82,"column":9}}}},"branchMap":{"0":{"loc":{"start":{"line":11,"column":8},"end":{"line":13,"column":9}},"type":"if","locations":[{"start":{"line":11,"column":8},"end":{"line":13,"column":9}}]},"1":{"loc":{"start":{"line":11,"column":12},"end":{"line":11,"column":36}},"type":"binary-expr","locations":[{"start":{"line":11,"column":12},"end":{"line":11,"column":21}},{"start":{"line":11,"column":24},"end":{"line":11,"column":36}}]},"2":{"loc":{"start":{"line":34,"column":19},"end":{"line":34,"column":48}},"type":"binary-expr","locations":[{"start":{"line":34,"column":19},"end":{"line":34,"column":32}},{"start":{"line":34,"column":36},"end":{"line":34,"column":48}}]},"3":{"loc":{"start":{"line":51,"column":12},"end":{"line":53,"column":13}},"type":"if","locations":[{"start":{"line":51,"column":12},"end":{"line":53,"column":13}}]},"4":{"loc":{"start":{"line":67,"column":42},"end":{"line":67,"column":83}},"type":"binary-expr","locations":[{"start":{"line":67,"column":42},"end":{"line":67,"column":77}},{"start":{"line":67,"column":81},"end":{"line":67,"column":83}}]},"5":{"loc":{"start":{"line":75,"column":27},"end":{"line":75,"column":62}},"type":"cond-expr","locations":[{"start":{"line":75,"column":51},"end":{"line":75,"column":53}},{"start":{"line":75,"column":51},"end":{"line":75,"column":62}}]},"6":{"loc":{"start":{"line":75,"column":27},"end":{"line":75,"column":53}},"type":"binary-expr","locations":[{"start":{"line":75,"column":27},"end":{"line":75,"column":53}},{"start":{"line":75,"column":51},"end":{"line":75,"column":53}}]},"7":{"loc":{"start":{"line":81,"column":20},"end":{"line":81,"column":46}},"type":"binary-expr","locations":[{"start":{"line":81,"column":20},"end":{"line":81,"column":31}},{"start":{"line":81,"column":35},"end":{"line":81,"column":46}}]},"8":{"loc":{"start":{"line":81,"column":61},"end":{"line":81,"column":87}},"type":"binary-expr","locations":[{"start":{"line":81,"column":61},"end":{"line":81,"column":72}},{"start":{"line":81,"column":76},"end":{"line":81,"column":87}}]},"9":{"loc":{"start":{"line":93,"column":19},"end":{"line":93,"column":48}},"type":"binary-expr","locations":[{"start":{"line":93,"column":19},"end":{"line":93,"column":32}},{"start":{"line":93,"column":36},"end":{"line":93,"column":48}}]}},"s":{"0":1,"1":1,"2":1,"3":2,"4":2,"5":2,"6":0,"7":2,"8":2,"9":2,"10":1,"11":1,"12":1,"13":1,"14":2,"15":2,"16":1,"17":2,"18":2,"19":1,"20":2,"21":2,"22":1,"23":1,"24":1,"25":1,"26":1,"27":1,"28":0,"29":1,"30":1,"31":1},"f":{"0":2,"1":2,"2":2,"3":1,"4":0},"b":{"0":[0],"1":[2,2],"2":[1,0],"3":[1],"4":[1,0],"5":[0,1],"6":[1,1],"7":[0,0],"8":[0,0],"9":[1,0]}}
,"/Users/maxuser/Documents/projects/PostHub-API/src/controller/post.controller.ts": {"path":"/Users/maxuser/Documents/projects/PostHub-API/src/controller/post.controller.ts","statementMap":{"0":{"start":{"line":2,"column":0},"end":{"line":2,"column":47}},"1":{"start":{"line":5,"column":26},"end":{"line":35,"column":1}},"2":{"start":{"line":6,"column":4},"end":{"line":34,"column":5}},"3":{"start":{"line":7,"column":35},"end":{"line":7,"column":43}},"4":{"start":{"line":10,"column":8},"end":{"line":12,"column":9}},"5":{"start":{"line":11,"column":12},"end":{"line":11,"column":72}},"6":{"start":{"line":14,"column":23},"end":{"line":14,"column":34}},"7":{"start":{"line":17,"column":21},"end":{"line":21,"column":10}},"8":{"start":{"line":24,"column":8},"end":{"line":28,"column":11}},"9":{"start":{"line":30,"column":8},"end":{"line":33,"column":11}},"10":{"start":{"line":5,"column":13},"end":{"line":5,"column":26}},"11":{"start":{"line":37,"column":27},"end":{"line":58,"column":1}},"12":{"start":{"line":38,"column":4},"end":{"line":57,"column":5}},"13":{"start":{"line":39,"column":23},"end":{"line":39,"column":36}},"14":{"start":{"line":40,"column":21},"end":{"line":40,"column":71}},"15":{"start":{"line":42,"column":8},"end":{"line":45,"column":9}},"16":{"start":{"line":43,"column":12},"end":{"line":43,"column":64}},"17":{"start":{"line":44,"column":12},"end":{"line":44,"column":19}},"18":{"start":{"line":47,"column":8},"end":{"line":51,"column":11}},"19":{"start":{"line":52,"column":8},"end":{"line":52,"column":15}},"20":{"start":{"line":54,"column":29},"end":{"line":54,"column":104}},"21":{"start":{"line":55,"column":8},"end":{"line":55,"column":88}},"22":{"start":{"line":56,"column":8},"end":{"line":56,"column":15}},"23":{"start":{"line":37,"column":13},"end":{"line":37,"column":27}},"24":{"start":{"line":60,"column":28},"end":{"line":83,"column":1}},"25":{"start":{"line":61,"column":4},"end":{"line":82,"column":5}},"26":{"start":{"line":62,"column":23},"end":{"line":62,"column":36}},"27":{"start":{"line":63,"column":22},"end":{"line":63,"column":68}},"28":{"start":{"line":65,"column":8},"end":{"line":68,"column":9}},"29":{"start":{"line":66,"column":12},"end":{"line":66,"column":78}},"30":{"start":{"line":67,"column":12},"end":{"line":67,"column":19}},"31":{"start":{"line":70,"column":8},"end":{"line":74,"column":11}},"32":{"start":{"line":75,"column":8},"end":{"line":75,"column":15}},"33":{"start":{"line":77,"column":8},"end":{"line":80,"column":11}},"34":{"start":{"line":81,"column":8},"end":{"line":81,"column":15}},"35":{"start":{"line":60,"column":13},"end":{"line":60,"column":28}}},"fnMap":{"0":{"name":"(anonymous_1)","decl":{"start":{"line":5,"column":26},"end":{"line":5,"column":31}},"loc":{"start":{"line":5,"column":83},"end":{"line":35,"column":1}}},"1":{"name":"(anonymous_2)","decl":{"start":{"line":37,"column":27},"end":{"line":37,"column":32}},"loc":{"start":{"line":37,"column":80},"end":{"line":58,"column":1}}},"2":{"name":"(anonymous_3)","decl":{"start":{"line":60,"column":28},"end":{"line":60,"column":33}},"loc":{"start":{"line":60,"column":82},"end":{"line":83,"column":1}}}},"branchMap":{"0":{"loc":{"start":{"line":10,"column":8},"end":{"line":12,"column":9}},"type":"if","locations":[{"start":{"line":10,"column":8},"end":{"line":12,"column":9}}]},"1":{"loc":{"start":{"line":10,"column":12},"end":{"line":10,"column":37}},"type":"binary-expr","locations":[{"start":{"line":10,"column":12},"end":{"line":10,"column":21}},{"start":{"line":10,"column":25},"end":{"line":10,"column":37}}]},"2":{"loc":{"start":{"line":32,"column":19},"end":{"line":32,"column":48}},"type":"binary-expr","locations":[{"start":{"line":32,"column":19},"end":{"line":32,"column":32}},{"start":{"line":32,"column":36},"end":{"line":32,"column":48}}]},"3":{"loc":{"start":{"line":42,"column":8},"end":{"line":45,"column":9}},"type":"if","locations":[{"start":{"line":42,"column":8},"end":{"line":45,"column":9}}]},"4":{"loc":{"start":{"line":54,"column":29},"end":{"line":54,"column":104}},"type":"cond-expr","locations":[{"start":{"line":54,"column":44},"end":{"line":54,"column":56}},{"start":{"line":54,"column":59},"end":{"line":54,"column":104}}]},"5":{"loc":{"start":{"line":65,"column":8},"end":{"line":68,"column":9}},"type":"if","locations":[{"start":{"line":65,"column":8},"end":{"line":68,"column":9}}]}},"s":{"0":1,"1":1,"2":2,"3":2,"4":2,"5":0,"6":2,"7":2,"8":1,"9":1,"10":1,"11":1,"12":0,"13":0,"14":0,"15":0,"16":0,"17":0,"18":0,"19":0,"20":0,"21":0,"22":0,"23":1,"24":1,"25":3,"26":3,"27":3,"28":2,"29":1,"30":1,"31":1,"32":1,"33":1,"34":1,"35":1},"f":{"0":2,"1":0,"2":3},"b":{"0":[0],"1":[2,2],"2":[1,0],"3":[0],"4":[0,0],"5":[1]}}
,"/Users/maxuser/Documents/projects/PostHub-API/src/controller/user.controller.ts": {"path":"/Users/maxuser/Documents/projects/PostHub-API/src/controller/user.controller.ts","statementMap":{"0":{"start":{"line":1,"column":0},"end":{"line":1,"column":28}},"1":{"start":{"line":3,"column":0},"end":{"line":3,"column":36}},"2":{"start":{"line":4,"column":0},"end":{"line":4,"column":30}},"3":{"start":{"line":5,"column":0},"end":{"line":5,"column":47}},"4":{"start":{"line":6,"column":0},"end":{"line":6,"column":72}},"5":{"start":{"line":7,"column":0},"end":{"line":7,"column":49}},"6":{"start":{"line":9,"column":0},"end":{"line":9,"column":16}},"7":{"start":{"line":11,"column":28},"end":{"line":56,"column":1}},"8":{"start":{"line":12,"column":23},"end":{"line":12,"column":59}},"9":{"start":{"line":13,"column":4},"end":{"line":19,"column":5}},"10":{"start":{"line":14,"column":8},"end":{"line":17,"column":11}},"11":{"start":{"line":18,"column":8},"end":{"line":18,"column":15}},"12":{"start":{"line":21,"column":62},"end":{"line":21,"column":77}},"13":{"start":{"line":23,"column":25},"end":{"line":23,"column":69}},"14":{"start":{"line":24,"column":4},"end":{"line":27,"column":5}},"15":{"start":{"line":25,"column":8},"end":{"line":25,"column":66}},"16":{"start":{"line":26,"column":8},"end":{"line":26,"column":15}},"17":{"start":{"line":29,"column":23},"end":{"line":29,"column":25}},"18":{"start":{"line":30,"column":27},"end":{"line":30,"column":66}},"19":{"start":{"line":32,"column":17},"end":{"line":39,"column":6}},"20":{"start":{"line":41,"column":4},"end":{"line":41,"column":22}},"21":{"start":{"line":43,"column":25},"end":{"line":49,"column":6}},"22":{"start":{"line":51,"column":4},"end":{"line":55,"column":7}},"23":{"start":{"line":11,"column":13},"end":{"line":11,"column":28}},"24":{"start":{"line":58,"column":25},"end":{"line":104,"column":1}},"25":{"start":{"line":59,"column":23},"end":{"line":59,"column":58}},"26":{"start":{"line":60,"column":4},"end":{"line":66,"column":5}},"27":{"start":{"line":61,"column":8},"end":{"line":64,"column":11}},"28":{"start":{"line":65,"column":8},"end":{"line":65,"column":15}},"29":{"start":{"line":68,"column":32},"end":{"line":68,"column":47}},"30":{"start":{"line":70,"column":17},"end":{"line":70,"column":62}},"31":{"start":{"line":71,"column":4},"end":{"line":74,"column":5}},"32":{"start":{"line":72,"column":8},"end":{"line":72,"column":71}},"33":{"start":{"line":73,"column":8},"end":{"line":73,"column":15}},"34":{"start":{"line":76,"column":28},"end":{"line":76,"column":73}},"35":{"start":{"line":77,"column":4},"end":{"line":80,"column":5}},"36":{"start":{"line":78,"column":8},"end":{"line":78,"column":71}},"37":{"start":{"line":79,"column":8},"end":{"line":79,"column":15}},"38":{"start":{"line":82,"column":22},"end":{"line":82,"column":48}},"39":{"start":{"line":83,"column":4},"end":{"line":86,"column":5}},"40":{"start":{"line":84,"column":8},"end":{"line":84,"column":94}},"41":{"start":{"line":85,"column":8},"end":{"line":85,"column":15}},"42":{"start":{"line":89,"column":18},"end":{"line":89,"column":65}},"43":{"start":{"line":91,"column":25},"end":{"line":97,"column":6}},"44":{"start":{"line":99,"column":4},"end":{"line":103,"column":7}},"45":{"start":{"line":58,"column":13},"end":{"line":58,"column":25}},"46":{"start":{"line":106,"column":27},"end":{"line":114,"column":1}},"47":{"start":{"line":107,"column":18},"end":{"line":107,"column":43}},"48":{"start":{"line":109,"column":4},"end":{"line":113,"column":7}},"49":{"start":{"line":106,"column":13},"end":{"line":106,"column":27}},"50":{"start":{"line":116,"column":27},"end":{"line":130,"column":1}},"51":{"start":{"line":117,"column":19},"end":{"line":117,"column":29}},"52":{"start":{"line":118,"column":17},"end":{"line":118,"column":45}},"53":{"start":{"line":120,"column":4},"end":{"line":123,"column":5}},"54":{"start":{"line":121,"column":8},"end":{"line":121,"column":60}},"55":{"start":{"line":122,"column":8},"end":{"line":122,"column":15}},"56":{"start":{"line":125,"column":4},"end":{"line":129,"column":7}},"57":{"start":{"line":116,"column":13},"end":{"line":116,"column":27}}},"fnMap":{"0":{"name":"(anonymous_1)","decl":{"start":{"line":11,"column":28},"end":{"line":11,"column":33}},"loc":{"start":{"line":11,"column":81},"end":{"line":56,"column":1}}},"1":{"name":"(anonymous_2)","decl":{"start":{"line":58,"column":25},"end":{"line":58,"column":30}},"loc":{"start":{"line":58,"column":78},"end":{"line":104,"column":1}}},"2":{"name":"(anonymous_3)","decl":{"start":{"line":106,"column":27},"end":{"line":106,"column":32}},"loc":{"start":{"line":106,"column":79},"end":{"line":114,"column":1}}},"3":{"name":"(anonymous_4)","decl":{"start":{"line":116,"column":27},"end":{"line":116,"column":32}},"loc":{"start":{"line":116,"column":79},"end":{"line":130,"column":1}}}},"branchMap":{"0":{"loc":{"start":{"line":13,"column":4},"end":{"line":19,"column":5}},"type":"if","locations":[{"start":{"line":13,"column":4},"end":{"line":19,"column":5}}]},"1":{"loc":{"start":{"line":24,"column":4},"end":{"line":27,"column":5}},"type":"if","locations":[{"start":{"line":24,"column":4},"end":{"line":27,"column":5}}]},"2":{"loc":{"start":{"line":60,"column":4},"end":{"line":66,"column":5}},"type":"if","locations":[{"start":{"line":60,"column":4},"end":{"line":66,"column":5}}]},"3":{"loc":{"start":{"line":71,"column":4},"end":{"line":74,"column":5}},"type":"if","locations":[{"start":{"line":71,"column":4},"end":{"line":74,"column":5}}]},"4":{"loc":{"start":{"line":77,"column":4},"end":{"line":80,"column":5}},"type":"if","locations":[{"start":{"line":77,"column":4},"end":{"line":80,"column":5}}]},"5":{"loc":{"start":{"line":83,"column":4},"end":{"line":86,"column":5}},"type":"if","locations":[{"start":{"line":83,"column":4},"end":{"line":86,"column":5}}]},"6":{"loc":{"start":{"line":120,"column":4},"end":{"line":123,"column":5}},"type":"if","locations":[{"start":{"line":120,"column":4},"end":{"line":123,"column":5}}]}},"s":{"0":1,"1":1,"2":1,"3":1,"4":1,"5":1,"6":1,"7":1,"8":1,"9":1,"10":0,"11":0,"12":1,"13":1,"14":1,"15":0,"16":0,"17":1,"18":1,"19":1,"20":1,"21":1,"22":1,"23":1,"24":1,"25":4,"26":4,"27":1,"28":1,"29":3,"30":3,"31":3,"32":1,"33":1,"34":2,"35":2,"36":1,"37":1,"38":1,"39":1,"40":0,"41":0,"42":1,"43":1,"44":1,"45":1,"46":1,"47":2,"48":2,"49":1,"50":1,"51":2,"52":2,"53":2,"54":1,"55":1,"56":1,"57":1},"f":{"0":1,"1":4,"2":2,"3":2},"b":{"0":[0],"1":[0],"2":[1],"3":[1],"4":[1],"5":[0],"6":[1]}}
,"/Users/maxuser/Documents/projects/PostHub-API/src/db/sequelize.ts": {"path":"/Users/maxuser/Documents/projects/PostHub-API/src/db/sequelize.ts","statementMap":{"0":{"start":{"line":1,"column":0},"end":{"line":1,"column":38}},"1":{"start":{"line":2,"column":0},"end":{"line":2,"column":28}},"2":{"start":{"line":4,"column":0},"end":{"line":4,"column":16}},"3":{"start":{"line":6,"column":18},"end":{"line":14,"column":null}},"4":{"start":{"line":17,"column":0},"end":{"line":17,"column":25}}},"fnMap":{},"branchMap":{},"s":{"0":4,"1":4,"2":4,"3":4,"4":4},"f":{},"b":{}}
,"/Users/maxuser/Documents/projects/PostHub-API/src/db/config/config.ts": {"path":"/Users/maxuser/Documents/projects/PostHub-API/src/db/config/config.ts","statementMap":{"0":{"start":{"line":1,"column":0},"end":{"line":1,"column":28}},"1":{"start":{"line":3,"column":0},"end":{"line":3,"column":16}},"2":{"start":{"line":5,"column":15},"end":{"line":27,"column":null}},"3":{"start":{"line":29,"column":0},"end":{"line":29,"column":22}}},"fnMap":{},"branchMap":{},"s":{"0":0,"1":0,"2":0,"3":0},"f":{},"b":{}}
,"/Users/maxuser/Documents/projects/PostHub-API/src/db/models/commentmodel.ts": {"path":"/Users/maxuser/Documents/projects/PostHub-API/src/db/models/commentmodel.ts","statementMap":{"0":{"start":{"line":1,"column":0},"end":{"line":1,"column":45}},"1":{"start":{"line":2,"column":0},"end":{"line":2,"column":37}},"2":{"start":{"line":3,"column":0},"end":{"line":3,"column":36}},"3":{"start":{"line":14,"column":0},"end":{"line":59,"column":2}},"4":{"start":{"line":61,"column":0},"end":{"line":61,"column":28}}},"fnMap":{},"branchMap":{},"s":{"0":1,"1":1,"2":1,"3":1,"4":1},"f":{},"b":{}}
,"/Users/maxuser/Documents/projects/PostHub-API/src/db/models/index.ts": {"path":"/Users/maxuser/Documents/projects/PostHub-API/src/db/models/index.ts","statementMap":{"0":{"start":{"line":5,"column":0},"end":{"line":5,"column":25}},"1":{"start":{"line":6,"column":0},"end":{"line":6,"column":29}},"2":{"start":{"line":7,"column":0},"end":{"line":7,"column":37}},"3":{"start":{"line":8,"column":0},"end":{"line":8,"column":38}},"4":{"start":{"line":9,"column":0},"end":{"line":9,"column":28}},"5":{"start":{"line":10,"column":0},"end":{"line":10,"column":38}},"6":{"start":{"line":11,"column":0},"end":{"line":11,"column":16}},"7":{"start":{"line":12,"column":17},"end":{"line":12,"column":42}},"8":{"start":{"line":13,"column":12},"end":{"line":13,"column":49}},"9":{"start":{"line":15,"column":16},"end":{"line":15,"column":18}},"10":{"start":{"line":17,"column":27},"end":{"line":17,"column":88}},"11":{"start":{"line":25,"column":0},"end":{"line":25,"column":113}},"12":{"start":{"line":27,"column":0},"end":{"line":40,"column":5}},"13":{"start":{"line":30,"column":4},"end":{"line":35,"column":6}},"14":{"start":{"line":38,"column":18},"end":{"line":38,"column":75}},"15":{"start":{"line":39,"column":4},"end":{"line":39,"column":27}},"16":{"start":{"line":42,"column":0},"end":{"line":46,"column":3}},"17":{"start":{"line":43,"column":2},"end":{"line":45,"column":3}},"18":{"start":{"line":44,"column":4},"end":{"line":44,"column":32}},"19":{"start":{"line":48,"column":0},"end":{"line":48,"column":25}},"20":{"start":{"line":49,"column":0},"end":{"line":49,"column":25}},"21":{"start":{"line":51,"column":0},"end":{"line":51,"column":20}}},"fnMap":{"0":{"name":"(anonymous_7)","decl":{"start":{"line":29,"column":10},"end":{"line":29,"column":11}},"loc":{"start":{"line":29,"column":24},"end":{"line":36,"column":3}}},"1":{"name":"(anonymous_8)","decl":{"start":{"line":37,"column":11},"end":{"line":37,"column":12}},"loc":{"start":{"line":37,"column":25},"end":{"line":40,"column":3}}},"2":{"name":"(anonymous_9)","decl":{"start":{"line":42,"column":24},"end":{"line":42,"column":33}},"loc":{"start":{"line":42,"column":36},"end":{"line":46,"column":1}}}},"branchMap":{"0":{"loc":{"start":{"line":13,"column":12},"end":{"line":13,"column":49}},"type":"binary-expr","locations":[{"start":{"line":13,"column":12},"end":{"line":13,"column":32}},{"start":{"line":13,"column":36},"end":{"line":13,"column":49}}]},"1":{"loc":{"start":{"line":17,"column":27},"end":{"line":17,"column":88}},"type":"cond-expr","locations":[{"start":{"line":17,"column":50},"end":{"line":17,"column":68}},{"start":{"line":17,"column":71},"end":{"line":17,"column":88}}]},"2":{"loc":{"start":{"line":31,"column":6},"end":{"line":34,"column":37}},"type":"binary-expr","locations":[{"start":{"line":31,"column":6},"end":{"line":31,"column":29}},{"start":{"line":32,"column":6},"end":{"line":32,"column":23}},{"start":{"line":33,"column":6},"end":{"line":33,"column":30}},{"start":{"line":34,"column":6},"end":{"line":34,"column":37}}]},"3":{"loc":{"start":{"line":43,"column":2},"end":{"line":45,"column":3}},"type":"if","locations":[{"start":{"line":43,"column":2},"end":{"line":45,"column":3}}]}},"s":{"0":0,"1":0,"2":0,"3":0,"4":0,"5":0,"6":0,"7":0,"8":0,"9":0,"10":0,"11":0,"12":0,"13":0,"14":0,"15":0,"16":0,"17":0,"18":0,"19":0,"20":0,"21":0},"f":{"0":0,"1":0,"2":0},"b":{"0":[0,0],"1":[0,0],"2":[0,0,0,0],"3":[0]}}
,"/Users/maxuser/Documents/projects/PostHub-API/src/db/models/postmodel.ts": {"path":"/Users/maxuser/Documents/projects/PostHub-API/src/db/models/postmodel.ts","statementMap":{"0":{"start":{"line":1,"column":0},"end":{"line":1,"column":45}},"1":{"start":{"line":2,"column":0},"end":{"line":2,"column":37}},"2":{"start":{"line":3,"column":0},"end":{"line":3,"column":36}},"3":{"start":{"line":14,"column":0},"end":{"line":55,"column":2}},"4":{"start":{"line":57,"column":0},"end":{"line":57,"column":25}}},"fnMap":{},"branchMap":{},"s":{"0":1,"1":1,"2":1,"3":1,"4":1},"f":{},"b":{}}
,"/Users/maxuser/Documents/projects/PostHub-API/src/db/models/usermodel.ts": {"path":"/Users/maxuser/Documents/projects/PostHub-API/src/db/models/usermodel.ts","statementMap":{"0":{"start":{"line":1,"column":0},"end":{"line":1,"column":45}},"1":{"start":{"line":2,"column":0},"end":{"line":2,"column":37}},"2":{"start":{"line":16,"column":0},"end":{"line":58,"column":3}},"3":{"start":{"line":60,"column":0},"end":{"line":60,"column":25}}},"fnMap":{},"branchMap":{},"s":{"0":1,"1":1,"2":1,"3":1},"f":{},"b":{}}
,"/Users/maxuser/Documents/projects/PostHub-API/src/middleware/authMiddleware.ts": {"path":"/Users/maxuser/Documents/projects/PostHub-API/src/middleware/authMiddleware.ts","statementMap":{"0":{"start":{"line":2,"column":0},"end":{"line":2,"column":31}},"1":{"start":{"line":9,"column":30},"end":{"line":26,"column":1}},"2":{"start":{"line":10,"column":23},"end":{"line":10,"column":51}},"3":{"start":{"line":11,"column":18},"end":{"line":11,"column":56}},"4":{"start":{"line":13,"column":4},"end":{"line":16,"column":5}},"5":{"start":{"line":14,"column":8},"end":{"line":14,"column":61}},"6":{"start":{"line":15,"column":8},"end":{"line":15,"column":15}},"7":{"start":{"line":18,"column":4},"end":{"line":25,"column":7}},"8":{"start":{"line":19,"column":8},"end":{"line":21,"column":9}},"9":{"start":{"line":20,"column":12},"end":{"line":20,"column":64}},"10":{"start":{"line":23,"column":8},"end":{"line":23,"column":57}},"11":{"start":{"line":24,"column":8},"end":{"line":24,"column":15}},"12":{"start":{"line":9,"column":13},"end":{"line":9,"column":30}}},"fnMap":{"0":{"name":"(anonymous_1)","decl":{"start":{"line":9,"column":30},"end":{"line":9,"column":31}},"loc":{"start":{"line":9,"column":92},"end":{"line":26,"column":1}}},"1":{"name":"(anonymous_2)","decl":{"start":{"line":18,"column":60},"end":{"line":18,"column":61}},"loc":{"start":{"line":18,"column":74},"end":{"line":25,"column":5}}}},"branchMap":{"0":{"loc":{"start":{"line":11,"column":18},"end":{"line":11,"column":56}},"type":"binary-expr","locations":[{"start":{"line":11,"column":18},"end":{"line":11,"column":28}},{"start":{"line":11,"column":32},"end":{"line":11,"column":56}}]},"1":{"loc":{"start":{"line":13,"column":4},"end":{"line":16,"column":5}},"type":"if","locations":[{"start":{"line":13,"column":4},"end":{"line":16,"column":5}}]},"2":{"loc":{"start":{"line":19,"column":8},"end":{"line":21,"column":9}},"type":"if","locations":[{"start":{"line":19,"column":8},"end":{"line":21,"column":9}}]}},"s":{"0":1,"1":1,"2":12,"3":12,"4":12,"5":3,"6":3,"7":9,"8":9,"9":0,"10":9,"11":9,"12":1},"f":{"0":12,"1":9},"b":{"0":[12,9],"1":[3],"2":[0]}}
,"/Users/maxuser/Documents/projects/PostHub-API/src/routes/commentRoute.ts": {"path":"/Users/maxuser/Documents/projects/PostHub-API/src/routes/commentRoute.ts","statementMap":{"0":{"start":{"line":1,"column":0},"end":{"line":1,"column":33}},"1":{"start":{"line":2,"column":0},"end":{"line":2,"column":96}},"2":{"start":{"line":3,"column":0},"end":{"line":3,"column":62}},"3":{"start":{"line":5,"column":21},"end":{"line":5,"column":29}},"4":{"start":{"line":8,"column":0},"end":{"line":8,"column":null}},"5":{"start":{"line":9,"column":0},"end":{"line":9,"column":null}},"6":{"start":{"line":11,"column":0},"end":{"line":11,"column":28}}},"fnMap":{},"branchMap":{},"s":{"0":1,"1":1,"2":1,"3":1,"4":1,"5":1,"6":1},"f":{},"b":{}}
,"/Users/maxuser/Documents/projects/PostHub-API/src/routes/postRoute.ts": {"path":"/Users/maxuser/Documents/projects/PostHub-API/src/routes/postRoute.ts","statementMap":{"0":{"start":{"line":1,"column":0},"end":{"line":1,"column":33}},"1":{"start":{"line":2,"column":0},"end":{"line":2,"column":62}},"2":{"start":{"line":3,"column":0},"end":{"line":3,"column":60}},"3":{"start":{"line":5,"column":19},"end":{"line":5,"column":27}},"4":{"start":{"line":7,"column":0},"end":{"line":7,"column":null}},"5":{"start":{"line":9,"column":0},"end":{"line":9,"column":26}}},"fnMap":{},"branchMap":{},"s":{"0":1,"1":1,"2":1,"3":1,"4":1,"5":1},"f":{},"b":{}}
,"/Users/maxuser/Documents/projects/PostHub-API/src/routes/userRoute.ts": {"path":"/Users/maxuser/Documents/projects/PostHub-API/src/routes/userRoute.ts","statementMap":{"0":{"start":{"line":1,"column":0},"end":{"line":1,"column":33}},"1":{"start":{"line":2,"column":0},"end":{"line":2,"column":98}},"2":{"start":{"line":3,"column":0},"end":{"line":3,"column":86}},"3":{"start":{"line":4,"column":0},"end":{"line":4,"column":62}},"4":{"start":{"line":6,"column":19},"end":{"line":6,"column":27}},"5":{"start":{"line":8,"column":0},"end":{"line":8,"column":41}},"6":{"start":{"line":9,"column":0},"end":{"line":9,"column":37}},"7":{"start":{"line":10,"column":0},"end":{"line":10,"column":33}},"8":{"start":{"line":11,"column":0},"end":{"line":11,"column":36}},"9":{"start":{"line":12,"column":0},"end":{"line":12,"column":null}},"10":{"start":{"line":13,"column":0},"end":{"line":13,"column":null}},"11":{"start":{"line":15,"column":0},"end":{"line":15,"column":26}}},"fnMap":{},"branchMap":{},"s":{"0":1,"1":1,"2":1,"3":1,"4":1,"5":1,"6":1,"7":1,"8":1,"9":1,"10":1,"11":1},"f":{},"b":{}}
,"/Users/maxuser/Documents/projects/PostHub-API/src/utils/helpers.ts": {"path":"/Users/maxuser/Documents/projects/PostHub-API/src/utils/helpers.ts","statementMap":{"0":{"start":{"line":1,"column":0},"end":{"line":1,"column":31}},"1":{"start":{"line":3,"column":29},"end":{"line":9,"column":1}},"2":{"start":{"line":8,"column":4},"end":{"line":8,"column":55}},"3":{"start":{"line":3,"column":13},"end":{"line":3,"column":29}}},"fnMap":{"0":{"name":"(anonymous_1)","decl":{"start":{"line":3,"column":29},"end":{"line":3,"column":null}},"loc":{"start":{"line":7,"column":12},"end":{"line":9,"column":1}}}},"branchMap":{},"s":{"0":1,"1":1,"2":0,"3":1},"f":{"0":0},"b":{}}
,"/Users/maxuser/Documents/projects/PostHub-API/src/utils/validators.ts": {"path":"/Users/maxuser/Documents/projects/PostHub-API/src/utils/validators.ts","statementMap":{"0":{"start":{"line":1,"column":0},"end":{"line":1,"column":24}},"1":{"start":{"line":3,"column":13},"end":{"line":9,"column":3}},"2":{"start":{"line":11,"column":13},"end":{"line":14,"column":null}}},"fnMap":{},"branchMap":{},"s":{"0":1,"1":1,"2":1},"f":{},"b":{}}
}
