TN:
SF:src/index.ts
FN:32,(anonymous_1)
FN:37,(anonymous_2)
FN:46,(anonymous_3)
FN:47,(anonymous_4)
FNF:4
FNH:0
FNDA:0,(anonymous_1)
FNDA:0,(anonymous_2)
FNDA:0,(anonymous_3)
FNDA:0,(anonymous_4)
DA:1,1
DA:2,1
DA:3,1
DA:4,1
DA:5,1
DA:6,1
DA:7,1
DA:8,1
DA:9,1
DA:10,1
DA:11,1
DA:13,1
DA:15,1
DA:16,1
DA:18,1
DA:19,1
DA:24,1
DA:25,1
DA:26,1
DA:28,1
DA:29,1
DA:30,1
DA:32,1
DA:33,0
DA:37,1
DA:38,0
DA:39,0
DA:43,1
DA:45,1
DA:46,0
DA:47,0
DA:48,0
DA:53,1
LF:33
LH:27
BRDA:16,0,0,1
BRDA:16,0,1,0
BRDA:45,1,0,0
BRF:3
BRH:1
end_of_record
TN:
SF:src/swagger.ts
FNF:0
FNH:0
DA:1,1
DA:2,1
DA:651,1
DA:656,1
DA:658,1
LF:5
LH:5
BRF:0
BRH:0
end_of_record
TN:
SF:src/controller/comment.controller.ts
FN:8,(anonymous_1)
FN:41,(anonymous_2)
FN:54,(anonymous_3)
FNF:3
FNH:3
FNDA:2,(anonymous_1)
FNDA:2,(anonymous_2)
FNDA:1,(anonymous_3)
DA:2,1
DA:4,1
DA:5,1
DA:6,1
DA:8,1
DA:9,2
DA:10,2
DA:13,2
DA:14,0
DA:17,2
DA:18,2
DA:21,2
DA:28,1
DA:34,1
DA:41,1
DA:42,2
DA:44,2
DA:54,1
DA:56,1
DA:58,1
DA:63,1
DA:65,1
DA:78,1
DA:84,1
DA:85,1
DA:89,1
LF:26
LH:25
BRDA:13,0,0,0
BRDA:13,1,0,2
BRDA:13,1,1,2
BRDA:36,2,0,1
BRDA:36,2,1,0
BRDA:56,3,0,1
BRDA:56,3,1,1
BRDA:71,4,0,1
BRDA:71,4,1,0
BRDA:71,5,0,0
BRDA:71,5,1,1
BRDA:71,6,0,1
BRDA:71,6,1,1
BRDA:72,7,0,1
BRDA:72,7,1,0
BRDA:72,8,0,0
BRDA:72,8,1,1
BRDA:72,9,0,1
BRDA:72,9,1,1
BRDA:87,10,0,1
BRDA:87,10,1,0
BRF:21
BRH:14
end_of_record
TN:
SF:src/controller/post.controller.ts
FN:6,(anonymous_1)
FN:43,(anonymous_2)
FN:64,(anonymous_3)
FN:89,(anonymous_4)
FNF:4
FNH:2
FNDA:2,(anonymous_1)
FNDA:0,(anonymous_2)
FNDA:3,(anonymous_3)
FNDA:0,(anonymous_4)
DA:2,1
DA:4,1
DA:6,1
DA:7,2
DA:8,2
DA:11,2
DA:12,0
DA:15,2
DA:18,2
DA:24,1
DA:30,1
DA:36,1
DA:43,1
DA:44,0
DA:45,0
DA:46,0
DA:48,0
DA:49,0
DA:50,0
DA:53,0
DA:59,0
DA:60,0
DA:64,1
DA:65,3
DA:66,3
DA:67,3
DA:69,2
DA:70,1
DA:71,1
DA:74,1
DA:79,1
DA:81,1
DA:85,1
DA:89,1
DA:90,0
DA:91,0
DA:93,0
DA:94,0
DA:95,0
DA:98,0
DA:103,0
DA:105,0
DA:109,0
LF:43
LH:24
BRDA:11,0,0,0
BRDA:11,1,0,2
BRDA:11,1,1,2
BRDA:38,2,0,1
BRDA:38,2,1,0
BRDA:48,3,0,0
BRDA:59,4,0,0
BRDA:59,4,1,0
BRDA:69,5,0,1
BRDA:93,6,0,0
BRF:10
BRH:4
end_of_record
TN:
SF:src/controller/user.controller.ts
FN:11,(anonymous_1)
FN:58,(anonymous_2)
FN:106,(anonymous_3)
FN:116,(anonymous_4)
FNF:4
FNH:4
FNDA:1,(anonymous_1)
FNDA:4,(anonymous_2)
FNDA:2,(anonymous_3)
FNDA:2,(anonymous_4)
DA:1,1
DA:3,1
DA:4,1
DA:5,1
DA:6,1
DA:7,1
DA:9,1
DA:11,1
DA:12,1
DA:13,1
DA:14,0
DA:18,0
DA:21,1
DA:23,1
DA:24,1
DA:25,0
DA:26,0
DA:29,1
DA:30,1
DA:32,1
DA:41,1
DA:43,1
DA:51,1
DA:58,1
DA:59,4
DA:60,4
DA:61,1
DA:65,1
DA:68,3
DA:70,3
DA:71,3
DA:72,1
DA:73,1
DA:76,2
DA:77,2
DA:78,1
DA:79,1
DA:82,1
DA:83,1
DA:84,0
DA:85,0
DA:89,1
DA:91,1
DA:99,1
DA:106,1
DA:107,2
DA:109,2
DA:116,1
DA:117,2
DA:118,2
DA:120,2
DA:121,1
DA:122,1
DA:125,1
LF:54
LH:48
BRDA:13,0,0,0
BRDA:24,1,0,0
BRDA:60,2,0,1
BRDA:71,3,0,1
BRDA:77,4,0,1
BRDA:83,5,0,0
BRDA:120,6,0,1
BRF:7
BRH:4
end_of_record
TN:
SF:src/db/sequelize.ts
FNF:0
FNH:0
DA:1,4
DA:2,4
DA:4,4
DA:6,4
DA:17,4
LF:5
LH:5
BRF:0
BRH:0
end_of_record
TN:
SF:src/db/config/config.ts
FNF:0
FNH:0
DA:1,0
DA:3,0
DA:5,0
DA:29,0
LF:4
LH:0
BRF:0
BRH:0
end_of_record
TN:
SF:src/db/models/commentmodel.ts
FNF:0
FNH:0
DA:1,1
DA:2,1
DA:3,1
DA:14,1
DA:61,1
LF:5
LH:5
BRF:0
BRH:0
end_of_record
TN:
SF:src/db/models/index.ts
FN:29,(anonymous_7)
FN:37,(anonymous_8)
FN:42,(anonymous_9)
FNF:3
FNH:0
FNDA:0,(anonymous_7)
FNDA:0,(anonymous_8)
FNDA:0,(anonymous_9)
DA:5,0
DA:6,0
DA:7,0
DA:8,0
DA:9,0
DA:10,0
DA:11,0
DA:12,0
DA:13,0
DA:15,0
DA:17,0
DA:25,0
DA:27,0
DA:30,0
DA:38,0
DA:39,0
DA:42,0
DA:43,0
DA:44,0
DA:48,0
DA:49,0
DA:51,0
LF:22
LH:0
BRDA:13,0,0,0
BRDA:13,0,1,0
BRDA:17,1,0,0
BRDA:17,1,1,0
BRDA:31,2,0,0
BRDA:31,2,1,0
BRDA:31,2,2,0
BRDA:31,2,3,0
BRDA:43,3,0,0
BRF:9
BRH:0
end_of_record
TN:
SF:src/db/models/postmodel.ts
FNF:0
FNH:0
DA:1,1
DA:2,1
DA:3,1
DA:14,1
DA:57,1
LF:5
LH:5
BRF:0
BRH:0
end_of_record
TN:
SF:src/db/models/usermodel.ts
FNF:0
FNH:0
DA:1,1
DA:2,1
DA:17,1
DA:71,1
LF:4
LH:4
BRF:0
BRH:0
end_of_record
TN:
SF:src/middleware/authMiddleware.ts
FN:9,(anonymous_1)
FN:18,(anonymous_2)
FNF:2
FNH:2
FNDA:12,(anonymous_1)
FNDA:9,(anonymous_2)
DA:2,1
DA:9,1
DA:10,12
DA:11,12
DA:13,12
DA:14,3
DA:15,3
DA:18,9
DA:19,9
DA:20,0
DA:23,9
DA:24,9
LF:12
LH:11
BRDA:11,0,0,12
BRDA:11,0,1,9
BRDA:13,1,0,3
BRDA:19,2,0,0
BRF:4
BRH:3
end_of_record
TN:
SF:src/routes/commentRoute.ts
FNF:0
FNH:0
DA:1,1
DA:2,1
DA:3,1
DA:5,1
DA:15,1
DA:16,1
DA:18,1
LF:7
LH:7
BRF:0
BRH:0
end_of_record
TN:
SF:src/routes/postRoute.ts
FNF:0
FNH:0
DA:1,1
DA:2,1
DA:3,1
DA:5,1
DA:13,1
DA:14,1
DA:15,1
DA:16,1
DA:18,1
LF:9
LH:9
BRF:0
BRH:0
end_of_record
TN:
SF:src/routes/userRoute.ts
FNF:0
FNH:0
DA:1,1
DA:2,1
DA:6,1
DA:15,1
DA:16,1
DA:17,1
DA:18,1
DA:20,1
LF:8
LH:8
BRF:0
BRH:0
end_of_record
TN:
SF:src/utils/helpers.ts
FN:3,(anonymous_1)
FNF:1
FNH:0
FNDA:0,(anonymous_1)
DA:1,1
DA:3,1
DA:8,0
LF:3
LH:2
BRF:0
BRH:0
end_of_record
TN:
SF:src/utils/validators.ts
FNF:0
FNH:0
DA:1,1
DA:3,1
DA:11,1
LF:3
LH:3
BRF:0
BRH:0
end_of_record
